<?xml version="1.0" encoding="UTF-8"?>
<!-- Generated by org.testng.reporters.JUnitReportReporter -->
<testsuite skipped="7" hostname="INBOOK_X1_SLIM" name="TestNG.CrossBrowser" tests="8" failures="0" timestamp="08 Jul 2023 06:00:49 GMT" time="1.460" errors="1">
  <testcase name="tc_01" time="0.092" classname="TestNG.CrossBrowser">
    <skipped/>
  </testcase> <!-- tc_01 -->
  <testcase name="tc_01" time="0.078" classname="TestNG.CrossBrowser">
    <error type="org.openqa.selenium.SessionNotCreatedException" message="Could not start a new session. Possible causes are invalid address of the remote server or browser start-up failure.">
      <![CDATA[org.openqa.selenium.SessionNotCreatedException: Could not start a new session. Possible causes are invalid address of the remote server or browser start-up failure.
at org.openqa.selenium.remote.RemoteWebDriver.execute(RemoteWebDriver.java:584)
at org.openqa.selenium.remote.RemoteWebDriver.startSession(RemoteWebDriver.java:247)
at org.openqa.selenium.remote.RemoteWebDriver.<init>(RemoteWebDriver.java:163)
at org.openqa.selenium.firefox.FirefoxDriver.<init>(FirefoxDriver.java:126)
at org.openqa.selenium.firefox.FirefoxDriver.<init>(FirefoxDriver.java:114)
at org.libglobal.LibGlobal.LaunchFirefoxBrowser(LibGlobal.java:59)
at TestNG.CrossBrowser.tc_01(CrossBrowser.java:19)
at sun.reflect.NativeMethodAccessorImpl.invoke0(Native Method)
at sun.reflect.NativeMethodAccessorImpl.invoke(Unknown Source)
at sun.reflect.DelegatingMethodAccessorImpl.invoke(Unknown Source)
at java.lang.reflect.Method.invoke(Unknown Source)
at org.testng.internal.MethodInvocationHelper.invokeMethod(MethodInvocationHelper.java:124)
at org.testng.internal.Invoker.invokeMethod(Invoker.java:583)
at org.testng.internal.Invoker.retryFailed(Invoker.java:839)
at org.testng.internal.Invoker.invokeTestMethods(Invoker.java:1010)
at org.testng.internal.TestMethodWorker.invokeTestMethods(TestMethodWorker.java:125)
at org.testng.internal.TestMethodWorker.run(TestMethodWorker.java:109)
at org.testng.TestRunner.privateRun(TestRunner.java:648)
at org.testng.TestRunner.run(TestRunner.java:505)
at org.testng.SuiteRunner.runTest(SuiteRunner.java:455)
at org.testng.SuiteRunner.runSequentially(SuiteRunner.java:450)
at org.testng.SuiteRunner.privateRun(SuiteRunner.java:415)
at org.testng.SuiteRunner.run(SuiteRunner.java:364)
at org.testng.SuiteRunnerWorker.runSuite(SuiteRunnerWorker.java:52)
at org.testng.SuiteRunnerWorker.run(SuiteRunnerWorker.java:84)
at org.testng.TestNG.runSuitesSequentially(TestNG.java:1208)
at org.testng.TestNG.runSuitesLocally(TestNG.java:1137)
at org.testng.TestNG.runSuites(TestNG.java:1049)
at org.testng.TestNG.run(TestNG.java:1017)
at org.testng.remote.AbstractRemoteTestNG.run(AbstractRemoteTestNG.java:132)
at org.testng.remote.RemoteTestNG.initAndRun(RemoteTestNG.java:230)
at org.testng.remote.RemoteTestNG.main(RemoteTestNG.java:76)
Caused by: org.openqa.selenium.WebDriverException: Driver server process died prematurely.
Build info: version: '4.2.0', revision: '86eb611648'
System info: host: 'INBOOK_X1_SLIM', ip: '192.168.1.29', os.name: 'Windows 10', os.arch: 'amd64', os.version: '10.0', java.version: '1.8.0_202'
Driver info: driver.version: FirefoxDriver
at org.openqa.selenium.remote.service.DriverService.start(DriverService.java:226)
at org.openqa.selenium.remote.service.DriverCommandExecutor.execute(DriverCommandExecutor.java:98)
at org.openqa.selenium.remote.RemoteWebDriver.execute(RemoteWebDriver.java:566)
... 31 more
]]>
    </error>
  </testcase> <!-- tc_01 -->
  <testcase name="tc_01" time="0.077" classname="TestNG.CrossBrowser">
    <skipped/>
  </testcase> <!-- tc_01 -->
  <testcase name="tc_01" time="0.090" classname="TestNG.CrossBrowser">
    <skipped/>
  </testcase> <!-- tc_01 -->
  <testcase name="tc_01" time="0.078" classname="TestNG.CrossBrowser">
    <skipped/>
  </testcase> <!-- tc_01 -->
  <testcase name="tc_01" time="0.862" classname="TestNG.CrossBrowser">
    <skipped/>
  </testcase> <!-- tc_01 -->
  <testcase name="tc_01" time="0.092" classname="TestNG.CrossBrowser">
    <skipped/>
  </testcase> <!-- tc_01 -->
  <testcase name="tc_01" time="0.091" classname="TestNG.CrossBrowser">
    <skipped/>
  </testcase> <!-- tc_01 -->
</testsuite> <!-- TestNG.CrossBrowser -->
